<?xml version="1.0" encoding="UTF-8"?>
<!-- Generated by org.testng.reporters.JUnitReportReporter -->
<testsuite skipped="0" hostname="L-156156265" name="com.eBayTest.TestCases.AddToCart" tests="1" failures="0" timestamp="26 Oct 2018 11:20:26 GMT" time="91.671" errors="0">
  <testcase name="ebayShop" time="91.671" classname="com.eBayTest.TestCases.AddToCart"/>
</testsuite> <!-- com.eBayTest.TestCases.AddToCart -->
